action: py37, msg: installpkg
cwd: /home/szczepan/dev/python3/pigen
cmd: /home/szczepan/dev/python3/pigen/.tox/py37/bin/python -m pip install --exists-action w .tox/.tmp/package/1/pigen-0.1.2.zip
Processing ./.tox/.tmp/package/1/pigen-0.1.2.zip
Collecting Click>=7.0
  Using cached https://files.pythonhosted.org/packages/fa/37/45185cb5abbc30d7257104c434fe0b07e5a195a6847506c074527aa599ec/Click-7.0-py2.py3-none-any.whl
Collecting gmpy2>=2.0.8
  Using cached https://files.pythonhosted.org/packages/90/f4/9a2e384b325b69bc5827b9a6510a8fb4a51698c915c06a3f25a86458892a/gmpy2-2.0.8.zip
Collecting mock>=4
  Using cached https://files.pythonhosted.org/packages/30/6a/9bde648117ec7087c89a45de0a8b25aba21d54d3defd08cb24eacded875f/mock-4.0.1-py3-none-any.whl
Building wheels for collected packages: pigen, gmpy2
  Building wheel for pigen (setup.py): started
  Building wheel for pigen (setup.py): finished with status 'done'
  Created wheel for pigen: filename=pigen-0.1.2-cp37-none-any.whl size=5441 sha256=545020f5be9bd919f664ff518144524a1df6ca9a5eeade34fa17632cc312ef44
  Stored in directory: /home/szczepan/.cache/pip/wheels/9b/53/fe/186ba2251b471f5ad6a85f8b4ef802797bc21ade4a114ca7ce
  Building wheel for gmpy2 (setup.py): started
  Building wheel for gmpy2 (setup.py): finished with status 'done'
  Created wheel for gmpy2: filename=gmpy2-2.0.8-cp37-cp37m-linux_x86_64.whl size=525337 sha256=2b14a6c92aa2b7a2fba598e58e7f582346f5c6a63a5cc22da88804fc2a231bc0
  Stored in directory: /home/szczepan/.cache/pip/wheels/33/5a/45/b4f58933bc61064f49669220932d1d5bcc0b2a1f762f25ac0e
Successfully built pigen gmpy2
Installing collected packages: Click, gmpy2, mock, pigen
  Found existing installation: pigen 0.1.2
    Not uninstalling pigen at /home/szczepan/dev/python3/pigen, outside environment /home/szczepan/dev/python3/pigen/.tox/py37
    Can't uninstall 'pigen'. No files were found to uninstall.
Successfully installed Click-7.0 gmpy2-2.0.8 mock-4.0.1 pigen-0.1.2
WARNING: You are using pip version 19.3.1; however, version 20.0.2 is available.
You should consider upgrading via the 'pip install --upgrade pip' command.
