action: GLOB, msg: packaging
cwd: /home/szczepan/dev/python3/pigen
cmd: /home/szczepan/.virtualenvs/pigen/bin/python3 setup.py sdist --formats=zip --dist-dir .tox/dist
running sdist
running egg_info
writing pigen.egg-info/PKG-INFO
writing dependency_links to pigen.egg-info/dependency_links.txt
writing requirements to pigen.egg-info/requires.txt
writing top-level names to pigen.egg-info/top_level.txt
reading manifest file 'pigen.egg-info/SOURCES.txt'
reading manifest template 'MANIFEST.in'
warning: no previously-included files matching '__pycache__' found under directory '*'
warning: no files found matching '*.rst' under directory 'docs'
warning: no files found matching 'conf.py' under directory 'docs'
warning: no files found matching 'Makefile' under directory 'docs'
warning: no files found matching 'make.bat' under directory 'docs'
warning: no files found matching '*.jpg' under directory 'docs'
warning: no files found matching '*.png' under directory 'docs'
warning: no files found matching '*.gif' under directory 'docs'
writing manifest file 'pigen.egg-info/SOURCES.txt'
running check
creating pigen-0.1.2
creating pigen-0.1.2/pigen
creating pigen-0.1.2/pigen.egg-info
creating pigen-0.1.2/tests
copying files to pigen-0.1.2...
copying AUTHORS.rst -> pigen-0.1.2
copying HISTORY.rst -> pigen-0.1.2
copying LICENSE -> pigen-0.1.2
copying MANIFEST.in -> pigen-0.1.2
copying README.rst -> pigen-0.1.2
copying setup.cfg -> pigen-0.1.2
copying setup.py -> pigen-0.1.2
copying pigen/__init__.py -> pigen-0.1.2/pigen
copying pigen/cli.py -> pigen-0.1.2/pigen
copying pigen/pigen.py -> pigen-0.1.2/pigen
copying pigen.egg-info/PKG-INFO -> pigen-0.1.2/pigen.egg-info
copying pigen.egg-info/SOURCES.txt -> pigen-0.1.2/pigen.egg-info
copying pigen.egg-info/dependency_links.txt -> pigen-0.1.2/pigen.egg-info
copying pigen.egg-info/not-zip-safe -> pigen-0.1.2/pigen.egg-info
copying pigen.egg-info/requires.txt -> pigen-0.1.2/pigen.egg-info
copying pigen.egg-info/top_level.txt -> pigen-0.1.2/pigen.egg-info
copying tests/1K_digits_of_pi.txt -> pigen-0.1.2/tests
copying tests/__init__.py -> pigen-0.1.2/tests
copying tests/test_pigen.py -> pigen-0.1.2/tests
Writing pigen-0.1.2/setup.cfg
creating '.tox/dist/pigen-0.1.2.zip' and adding 'pigen-0.1.2' to it
adding 'pigen-0.1.2'
adding 'pigen-0.1.2/tests'
adding 'pigen-0.1.2/pigen'
adding 'pigen-0.1.2/pigen.egg-info'
adding 'pigen-0.1.2/AUTHORS.rst'
adding 'pigen-0.1.2/setup.py'
adding 'pigen-0.1.2/HISTORY.rst'
adding 'pigen-0.1.2/LICENSE'
adding 'pigen-0.1.2/MANIFEST.in'
adding 'pigen-0.1.2/setup.cfg'
adding 'pigen-0.1.2/PKG-INFO'
adding 'pigen-0.1.2/README.rst'
adding 'pigen-0.1.2/tests/__init__.py'
adding 'pigen-0.1.2/tests/test_pigen.py'
adding 'pigen-0.1.2/tests/1K_digits_of_pi.txt'
adding 'pigen-0.1.2/pigen/__init__.py'
adding 'pigen-0.1.2/pigen/cli.py'
adding 'pigen-0.1.2/pigen/pigen.py'
adding 'pigen-0.1.2/pigen.egg-info/PKG-INFO'
adding 'pigen-0.1.2/pigen.egg-info/top_level.txt'
adding 'pigen-0.1.2/pigen.egg-info/dependency_links.txt'
adding 'pigen-0.1.2/pigen.egg-info/SOURCES.txt'
adding 'pigen-0.1.2/pigen.egg-info/requires.txt'
adding 'pigen-0.1.2/pigen.egg-info/not-zip-safe'
removing 'pigen-0.1.2' (and everything under it)
