action: flake8, msg: installpkg
cwd: /home/szczepan/dev/python3/pigen
cmd: /home/szczepan/dev/python3/pigen/.tox/flake8/bin/python -m pip install --exists-action w .tox/.tmp/package/1/pigen-0.1.2.zip
Processing ./.tox/.tmp/package/1/pigen-0.1.2.zip
Collecting Click>=7.0
  Using cached https://files.pythonhosted.org/packages/fa/37/45185cb5abbc30d7257104c434fe0b07e5a195a6847506c074527aa599ec/Click-7.0-py2.py3-none-any.whl
Processing /home/szczepan/.cache/pip/wheels/33/5a/45/b4f58933bc61064f49669220932d1d5bcc0b2a1f762f25ac0e/gmpy2-2.0.8-cp37-cp37m-linux_x86_64.whl
Collecting mock>=4
  Using cached https://files.pythonhosted.org/packages/30/6a/9bde648117ec7087c89a45de0a8b25aba21d54d3defd08cb24eacded875f/mock-4.0.1-py3-none-any.whl
Building wheels for collected packages: pigen
  Building wheel for pigen (setup.py): started
  Building wheel for pigen (setup.py): finished with status 'done'
  Created wheel for pigen: filename=pigen-0.1.2-cp37-none-any.whl size=5441 sha256=35c94a3126606124daf443ca8f757ba248ac05d891f2b911b9d44e6b1c9cb029
  Stored in directory: /home/szczepan/.cache/pip/wheels/9b/53/fe/186ba2251b471f5ad6a85f8b4ef802797bc21ade4a114ca7ce
Successfully built pigen
Installing collected packages: Click, gmpy2, mock, pigen
  Found existing installation: pigen 0.1.2
    Not uninstalling pigen at /home/szczepan/dev/python3/pigen, outside environment /home/szczepan/dev/python3/pigen/.tox/flake8
    Can't uninstall 'pigen'. No files were found to uninstall.
Successfully installed Click-7.0 gmpy2-2.0.8 mock-4.0.1 pigen-0.1.2
WARNING: You are using pip version 19.3.1; however, version 20.0.2 is available.
You should consider upgrading via the 'pip install --upgrade pip' command.
